

/******************************************************************************************
* WriteStepFile diagnostics.
* Date:                           Thu May 01 21:21:16 2014 
* Produced by:                    The EXPRESS Data Manager Version 5.01.0100.02.64mod : 6 Jun 2012
* Module:                         EDMstepFileFactory/EDMstandAlone
* Host:                           SPARCH22
* Database:                       C:\Users\ryan\AppData\Local\Temp\{1E7CB647-8408-4885-97B2-6F1CBE5FB1A9}\ifc
* Database version:               5507
* Database creation date:         Thu May 01 21:21:15 2014
* Model:                          DataRepository.ifc
* Model creation date:            Thu May 01 21:21:15 2014
* Header model:                   DataRepository.ifc_HeaderModel
* Header model creation date:     Thu May 01 21:21:15 2014
* Step file:                      IfcOpenHouse_IFC2x3.ifc
* EDMuser:                        sdai-user
* EDMgroup:                       sdai-group
* License ID and type:            5605 : Permanent license. Expiry date: 
* EDMstepFileFactory options:     020000
******************************************************************************************/


------------------------------------------------------------------------------------------------
Operation terminated successfully.
------------------------------------------------------------------------------------------------

